<?xml version="1.0" encoding="UTF-8"?>
<testsuite xmlns:xsi="http://www.w3.org/2001/XMLSchema-instance" xsi:noNamespaceSchemaLocation="https://maven.apache.org/surefire/maven-surefire-plugin/xsd/surefire-test-report.xsd" name="CalculatorTest" time="0.044" tests="6" errors="6" skipped="0" failures="0">
  <properties>
[...]
</properties>
  <testcase name="basicExpression1" classname="CalculatorTest" time="0.01">
    <error type="sun.reflect.generics.reflectiveObjects.NotImplementedException">sun.reflect.generics.reflectiveObjects.NotImplementedException
	at CalculatorTest.basicExpression1(CalculatorTest.java:23)
</error>
  </testcase>
  <testcase name="basicExpression3" classname="CalculatorTest" time="0">
    <error type="sun.reflect.generics.reflectiveObjects.NotImplementedException">sun.reflect.generics.reflectiveObjects.NotImplementedException
	at CalculatorTest.basicExpression3(CalculatorTest.java:34)
</error>
  </testcase>
  <testcase name="basicExpression4" classname="CalculatorTest" time="0.001">
    <error type="sun.reflect.generics.reflectiveObjects.NotImplementedException">sun.reflect.generics.reflectiveObjects.NotImplementedException
	at CalculatorTest.basicExpression4(CalculatorTest.java:42)
</error>
  </testcase>
  <testcase name="basicExpression5" classname="CalculatorTest" time="0.001">
    <error type="sun.reflect.generics.reflectiveObjects.NotImplementedException">sun.reflect.generics.reflectiveObjects.NotImplementedException
	at CalculatorTest.basicExpression5(CalculatorTest.java:50)
</error>
  </testcase>
  <testcase name="basicExpression6" classname="CalculatorTest" time="0">
    <error type="sun.reflect.generics.reflectiveObjects.NotImplementedException">sun.reflect.generics.reflectiveObjects.NotImplementedException
	at CalculatorTest.basicExpression6(CalculatorTest.java:58)
</error>
  </testcase>
  <testcase name="basicExpression7" classname="CalculatorTest" time="0">
    <error type="sun.reflect.generics.reflectiveObjects.NotImplementedException">sun.reflect.generics.reflectiveObjects.NotImplementedException
	at CalculatorTest.basicExpression7(CalculatorTest.java:67)
</error>
  </testcase>
</testsuite>